<?xml version="1.0" encoding="UTF-8"?>
<testsuite xmlns:xsi="http://www.w3.org/2001/XMLSchema-instance" xsi:noNamespaceSchemaLocation="https://maven.apache.org/surefire/maven-surefire-plugin/xsd/surefire-test-report-3.0.xsd" version="3.0" name="com.cgvsu.vertexremover.VertexRemoverEdgeCasesTest" time="0.017" tests="5" errors="0" skipped="0" failures="0">
  <properties>
[...]
</properties>
  <testcase name="testRepeatedVertexIndicesInList" classname="com.cgvsu.vertexremover.VertexRemoverEdgeCasesTest" time="0.002"/>
  <testcase name="testNullVerticesList" classname="com.cgvsu.vertexremover.VertexRemoverEdgeCasesTest" time="0.003"/>
  <testcase name="testVertexBelongsToMultiplePolygons" classname="com.cgvsu.vertexremover.VertexRemoverEdgeCasesTest" time="0.001"/>
  <testcase name="testModelWithNoPolygons" classname="com.cgvsu.vertexremover.VertexRemoverEdgeCasesTest" time="0.002"/>
  <testcase name="testNullModel" classname="com.cgvsu.vertexremover.VertexRemoverEdgeCasesTest" time="0.002"/>
</testsuite>